{"D:\\Projects\\ece651\\backend\\src\\app.controller.ts": {"path":"D:\\Projects\\ece651\\backend\\src\\app.controller.ts","statementMap":{"0":{"start":{"line":1,"column":0},"end":{"line":1,"column":57}},"1":{"start":{"line":2,"column":0},"end":{"line":2,"column":43}},"2":{"start":{"line":5,"column":7},"end":{"line":18,"column":null}},"3":{"start":{"line":11,"column":31},"end":{"line":11,"column":43}},"4":{"start":{"line":16,"column":4},"end":{"line":16,"column":38}},"5":{"start":{"line":5,"column":13},"end":{"line":5,"column":26}},"6":{"start":{"line":14,"column":2},"end":{"line":17,"column":null}},"7":{"start":{"line":5,"column":13},"end":{"line":18,"column":null}}},"fnMap":{"0":{"name":"(anonymous_2)","decl":{"start":{"line":11,"column":2},"end":{"line":11,"column":31}},"loc":{"start":{"line":11,"column":53},"end":{"line":11,"column":57}}},"1":{"name":"(anonymous_3)","decl":{"start":{"line":14,"column":2},"end":{"line":14,"column":10}},"loc":{"start":{"line":14,"column":10},"end":{"line":17,"column":3}}}},"branchMap":{},"s":{"0":1,"1":1,"2":1,"3":5,"4":1,"5":1,"6":1,"7":1},"f":{"0":5,"1":1},"b":{}}
,"D:\\Projects\\ece651\\backend\\src\\app.module.ts": {"path":"D:\\Projects\\ece651\\backend\\src\\app.module.ts","statementMap":{"0":{"start":{"line":1,"column":0},"end":{"line":1,"column":40}},"1":{"start":{"line":2,"column":0},"end":{"line":2,"column":49}},"2":{"start":{"line":3,"column":0},"end":{"line":3,"column":43}},"3":{"start":{"line":5,"column":0},"end":{"line":5,"column":57}},"4":{"start":{"line":6,"column":0},"end":{"line":6,"column":48}},"5":{"start":{"line":13,"column":7},"end":{"line":13,"column":null}},"6":{"start":{"line":13,"column":13},"end":{"line":13,"column":22}},"7":{"start":{"line":13,"column":13},"end":{"line":13,"column":null}}},"fnMap":{},"branchMap":{},"s":{"0":1,"1":1,"2":1,"3":1,"4":1,"5":1,"6":1,"7":1},"f":{},"b":{}}
,"D:\\Projects\\ece651\\backend\\src\\app.service.ts": {"path":"D:\\Projects\\ece651\\backend\\src\\app.service.ts","statementMap":{"0":{"start":{"line":1,"column":0},"end":{"line":1,"column":44}},"1":{"start":{"line":4,"column":7},"end":{"line":8,"column":null}},"2":{"start":{"line":6,"column":4},"end":{"line":6,"column":26}},"3":{"start":{"line":4,"column":13},"end":{"line":4,"column":23}},"4":{"start":{"line":4,"column":13},"end":{"line":8,"column":null}}},"fnMap":{"0":{"name":"(anonymous_1)","decl":{"start":{"line":5,"column":2},"end":{"line":5,"column":10}},"loc":{"start":{"line":5,"column":10},"end":{"line":7,"column":3}}}},"branchMap":{},"s":{"0":1,"1":1,"2":1,"3":1,"4":1},"f":{"0":1},"b":{}}
,"D:\\Projects\\ece651\\backend\\src\\byan\\byan.module.ts": {"path":"D:\\Projects\\ece651\\backend\\src\\byan\\byan.module.ts","statementMap":{"0":{"start":{"line":1,"column":0},"end":{"line":1,"column":40}},"1":{"start":{"line":2,"column":0},"end":{"line":2,"column":57}},"2":{"start":{"line":9,"column":7},"end":{"line":9,"column":null}},"3":{"start":{"line":9,"column":13},"end":{"line":9,"column":23}},"4":{"start":{"line":9,"column":13},"end":{"line":9,"column":null}}},"fnMap":{},"branchMap":{},"s":{"0":1,"1":1,"2":1,"3":1,"4":1},"f":{},"b":{}}
,"D:\\Projects\\ece651\\backend\\src\\byan\\profile\\profile.controller.ts": {"path":"D:\\Projects\\ece651\\backend\\src\\byan\\profile\\profile.controller.ts","statementMap":{"0":{"start":{"line":1,"column":0},"end":{"line":1,"column":102}},"1":{"start":{"line":2,"column":0},"end":{"line":2,"column":51}},"2":{"start":{"line":6,"column":0},"end":{"line":6,"column":66}},"3":{"start":{"line":10,"column":7},"end":{"line":154,"column":null}},"4":{"start":{"line":11,"column":31},"end":{"line":11,"column":47}},"5":{"start":{"line":51,"column":4},"end":{"line":80,"column":5}},"6":{"start":{"line":52,"column":26},"end":{"line":52,"column":78}},"7":{"start":{"line":54,"column":6},"end":{"line":61,"column":7}},"8":{"start":{"line":55,"column":8},"end":{"line":60,"column":null}},"9":{"start":{"line":63,"column":6},"end":{"line":68,"column":null}},"10":{"start":{"line":74,"column":6},"end":{"line":79,"column":null}},"11":{"start":{"line":88,"column":4},"end":{"line":100,"column":5}},"12":{"start":{"line":89,"column":33},"end":{"line":89,"column":90}},"13":{"start":{"line":91,"column":6},"end":{"line":93,"column":null}},"14":{"start":{"line":95,"column":6},"end":{"line":99,"column":null}},"15":{"start":{"line":105,"column":4},"end":{"line":135,"column":5}},"16":{"start":{"line":106,"column":19},"end":{"line":106,"column":66}},"17":{"start":{"line":108,"column":6},"end":{"line":115,"column":7}},"18":{"start":{"line":109,"column":8},"end":{"line":114,"column":null}},"19":{"start":{"line":117,"column":26},"end":{"line":117,"column":79}},"20":{"start":{"line":118,"column":6},"end":{"line":123,"column":null}},"21":{"start":{"line":129,"column":6},"end":{"line":134,"column":null}},"22":{"start":{"line":10,"column":13},"end":{"line":10,"column":30}},"23":{"start":{"line":50,"column":8},"end":{"line":81,"column":null}},"24":{"start":{"line":84,"column":8},"end":{"line":101,"column":null}},"25":{"start":{"line":104,"column":8},"end":{"line":136,"column":null}},"26":{"start":{"line":10,"column":13},"end":{"line":154,"column":null}}},"fnMap":{"0":{"name":"(anonymous_4)","decl":{"start":{"line":11,"column":2},"end":{"line":11,"column":31}},"loc":{"start":{"line":11,"column":61},"end":{"line":11,"column":65}}},"1":{"name":"(anonymous_5)","decl":{"start":{"line":50,"column":2},"end":{"line":50,"column":7}},"loc":{"start":{"line":50,"column":49},"end":{"line":81,"column":3}}},"2":{"name":"(anonymous_6)","decl":{"start":{"line":84,"column":2},"end":{"line":84,"column":7}},"loc":{"start":{"line":84,"column":64},"end":{"line":101,"column":3}}},"3":{"name":"(anonymous_7)","decl":{"start":{"line":104,"column":2},"end":{"line":104,"column":7}},"loc":{"start":{"line":104,"column":47},"end":{"line":136,"column":3}}}},"branchMap":{"0":{"loc":{"start":{"line":54,"column":6},"end":{"line":61,"column":7}},"type":"if","locations":[{"start":{"line":54,"column":6},"end":{"line":61,"column":7}}]},"1":{"loc":{"start":{"line":108,"column":6},"end":{"line":115,"column":7}},"type":"if","locations":[{"start":{"line":108,"column":6},"end":{"line":115,"column":7}}]}},"s":{"0":1,"1":1,"2":1,"3":1,"4":5,"5":3,"6":3,"7":0,"8":0,"9":0,"10":3,"11":0,"12":0,"13":0,"14":0,"15":1,"16":1,"17":0,"18":0,"19":0,"20":0,"21":1,"22":1,"23":1,"24":1,"25":1,"26":1},"f":{"0":5,"1":3,"2":0,"3":1},"b":{"0":[0],"1":[0]}}
,"D:\\Projects\\ece651\\backend\\src\\byan\\profile\\profile.module.ts": {"path":"D:\\Projects\\ece651\\backend\\src\\byan\\profile\\profile.module.ts","statementMap":{"0":{"start":{"line":1,"column":0},"end":{"line":1,"column":40}},"1":{"start":{"line":2,"column":0},"end":{"line":2,"column":51}},"2":{"start":{"line":3,"column":0},"end":{"line":3,"column":57}},"3":{"start":{"line":5,"column":0},"end":{"line":5,"column":70}},"4":{"start":{"line":6,"column":0},"end":{"line":6,"column":54}},"5":{"start":{"line":13,"column":7},"end":{"line":13,"column":null}},"6":{"start":{"line":13,"column":13},"end":{"line":13,"column":26}},"7":{"start":{"line":13,"column":13},"end":{"line":13,"column":null}}},"fnMap":{},"branchMap":{},"s":{"0":1,"1":1,"2":1,"3":1,"4":1,"5":1,"6":1,"7":1},"f":{},"b":{}}
,"D:\\Projects\\ece651\\backend\\src\\byan\\profile\\profile.service.ts": {"path":"D:\\Projects\\ece651\\backend\\src\\byan\\profile\\profile.service.ts","statementMap":{"0":{"start":{"line":1,"column":0},"end":{"line":1,"column":44}},"1":{"start":{"line":4,"column":0},"end":{"line":4,"column":70}},"2":{"start":{"line":9,"column":7},"end":{"line":61,"column":null}},"3":{"start":{"line":10,"column":31},"end":{"line":10,"column":46}},"4":{"start":{"line":47,"column":4},"end":{"line":47,"column":69}},"5":{"start":{"line":51,"column":4},"end":{"line":51,"column":68}},"6":{"start":{"line":55,"column":4},"end":{"line":55,"column":63}},"7":{"start":{"line":9,"column":13},"end":{"line":9,"column":27}},"8":{"start":{"line":9,"column":13},"end":{"line":61,"column":null}}},"fnMap":{"0":{"name":"(anonymous_2)","decl":{"start":{"line":10,"column":2},"end":{"line":10,"column":31}},"loc":{"start":{"line":10,"column":59},"end":{"line":10,"column":63}}},"1":{"name":"(anonymous_3)","decl":{"start":{"line":46,"column":2},"end":{"line":46,"column":7}},"loc":{"start":{"line":46,"column":41},"end":{"line":48,"column":3}}},"2":{"name":"(anonymous_4)","decl":{"start":{"line":50,"column":2},"end":{"line":50,"column":7}},"loc":{"start":{"line":50,"column":56},"end":{"line":52,"column":3}}},"3":{"name":"(anonymous_5)","decl":{"start":{"line":54,"column":2},"end":{"line":54,"column":7}},"loc":{"start":{"line":54,"column":36},"end":{"line":56,"column":3}}}},"branchMap":{},"s":{"0":1,"1":1,"2":1,"3":5,"4":3,"5":0,"6":1,"7":1,"8":1},"f":{"0":5,"1":3,"2":0,"3":1},"b":{}}
,"D:\\Projects\\ece651\\backend\\src\\xueshen\\xueshen.module.ts": {"path":"D:\\Projects\\ece651\\backend\\src\\xueshen\\xueshen.module.ts","statementMap":{"0":{"start":{"line":1,"column":0},"end":{"line":1,"column":40}},"1":{"start":{"line":2,"column":0},"end":{"line":2,"column":42}},"2":{"start":{"line":3,"column":0},"end":{"line":3,"column":48}},"3":{"start":{"line":4,"column":0},"end":{"line":4,"column":51}},"4":{"start":{"line":14,"column":7},"end":{"line":14,"column":null}},"5":{"start":{"line":14,"column":13},"end":{"line":14,"column":26}},"6":{"start":{"line":14,"column":13},"end":{"line":14,"column":null}}},"fnMap":{},"branchMap":{},"s":{"0":1,"1":1,"2":1,"3":1,"4":1,"5":1,"6":1},"f":{},"b":{}}
,"D:\\Projects\\ece651\\backend\\src\\xueshen\\auth\\auth.controller.ts": {"path":"D:\\Projects\\ece651\\backend\\src\\xueshen\\auth\\auth.controller.ts","statementMap":{"0":{"start":{"line":1,"column":0},"end":{"line":1,"column":83}},"1":{"start":{"line":2,"column":0},"end":{"line":2,"column":39}},"2":{"start":{"line":3,"column":0},"end":{"line":3,"column":51}},"3":{"start":{"line":4,"column":0},"end":{"line":4,"column":45}},"4":{"start":{"line":5,"column":0},"end":{"line":5,"column":40}},"5":{"start":{"line":11,"column":7},"end":{"line":66,"column":null}},"6":{"start":{"line":15,"column":33},"end":{"line":15,"column":46}},"7":{"start":{"line":13,"column":4},"end":{"line":13,"column":42}},"8":{"start":{"line":19,"column":8},"end":{"line":19,"column":null}},"9":{"start":{"line":20,"column":8},"end":{"line":20,"column":null}},"10":{"start":{"line":21,"column":23},"end":{"line":21,"column":61}},"11":{"start":{"line":22,"column":8},"end":{"line":22,"column":95}},"12":{"start":{"line":24,"column":8},"end":{"line":37,"column":9}},"13":{"start":{"line":25,"column":12},"end":{"line":25,"column":null}},"14":{"start":{"line":26,"column":12},"end":{"line":29,"column":null}},"15":{"start":{"line":31,"column":12},"end":{"line":31,"column":null}},"16":{"start":{"line":33,"column":12},"end":{"line":36,"column":null}},"17":{"start":{"line":44,"column":8},"end":{"line":44,"column":null}},"18":{"start":{"line":45,"column":23},"end":{"line":45,"column":69}},"19":{"start":{"line":46,"column":8},"end":{"line":46,"column":100}},"20":{"start":{"line":47,"column":8},"end":{"line":63,"column":9}},"21":{"start":{"line":48,"column":12},"end":{"line":48,"column":null}},"22":{"start":{"line":49,"column":12},"end":{"line":52,"column":null}},"23":{"start":{"line":54,"column":12},"end":{"line":54,"column":null}},"24":{"start":{"line":59,"column":12},"end":{"line":62,"column":null}},"25":{"start":{"line":11,"column":13},"end":{"line":11,"column":27}},"26":{"start":{"line":18,"column":10},"end":{"line":39,"column":null}},"27":{"start":{"line":43,"column":10},"end":{"line":65,"column":null}},"28":{"start":{"line":11,"column":13},"end":{"line":66,"column":null}}},"fnMap":{"0":{"name":"(anonymous_4)","decl":{"start":{"line":15,"column":4},"end":{"line":15,"column":33}},"loc":{"start":{"line":15,"column":57},"end":{"line":15,"column":62}}},"1":{"name":"(anonymous_5)","decl":{"start":{"line":18,"column":4},"end":{"line":18,"column":9}},"loc":{"start":{"line":18,"column":42},"end":{"line":39,"column":5}}},"2":{"name":"(anonymous_6)","decl":{"start":{"line":43,"column":4},"end":{"line":43,"column":9}},"loc":{"start":{"line":43,"column":55},"end":{"line":65,"column":5}}}},"branchMap":{"0":{"loc":{"start":{"line":22,"column":64},"end":{"line":22,"column":91}},"type":"cond-expr","locations":[{"start":{"line":22,"column":73},"end":{"line":22,"column":82}},{"start":{"line":22,"column":85},"end":{"line":22,"column":91}}]},"1":{"loc":{"start":{"line":24,"column":8},"end":{"line":37,"column":9}},"type":"if","locations":[{"start":{"line":24,"column":8},"end":{"line":37,"column":9}},{"start":{"line":30,"column":15},"end":{"line":37,"column":9}}]},"2":{"loc":{"start":{"line":46,"column":69},"end":{"line":46,"column":96}},"type":"cond-expr","locations":[{"start":{"line":46,"column":78},"end":{"line":46,"column":87}},{"start":{"line":46,"column":90},"end":{"line":46,"column":96}}]},"3":{"loc":{"start":{"line":47,"column":8},"end":{"line":63,"column":9}},"type":"if","locations":[{"start":{"line":47,"column":8},"end":{"line":63,"column":9}},{"start":{"line":53,"column":15},"end":{"line":63,"column":9}}]}},"s":{"0":1,"1":1,"2":1,"3":1,"4":1,"5":1,"6":5,"7":5,"8":0,"9":0,"10":0,"11":0,"12":0,"13":0,"14":0,"15":0,"16":0,"17":0,"18":0,"19":0,"20":0,"21":0,"22":0,"23":0,"24":0,"25":1,"26":1,"27":1,"28":1},"f":{"0":5,"1":0,"2":0},"b":{"0":[0,0],"1":[0,0],"2":[0,0],"3":[0,0]}}
,"D:\\Projects\\ece651\\backend\\src\\xueshen\\auth\\auth.module.ts": {"path":"D:\\Projects\\ece651\\backend\\src\\xueshen\\auth\\auth.module.ts","statementMap":{"0":{"start":{"line":1,"column":0},"end":{"line":1,"column":40}},"1":{"start":{"line":2,"column":0},"end":{"line":2,"column":45}},"2":{"start":{"line":3,"column":0},"end":{"line":3,"column":51}},"3":{"start":{"line":4,"column":0},"end":{"line":4,"column":43}},"4":{"start":{"line":5,"column":0},"end":{"line":5,"column":59}},"5":{"start":{"line":13,"column":7},"end":{"line":13,"column":null}},"6":{"start":{"line":13,"column":13},"end":{"line":13,"column":23}},"7":{"start":{"line":13,"column":13},"end":{"line":13,"column":null}}},"fnMap":{},"branchMap":{},"s":{"0":1,"1":1,"2":1,"3":1,"4":1,"5":1,"6":1,"7":1},"f":{},"b":{}}
,"D:\\Projects\\ece651\\backend\\src\\xueshen\\auth\\auth.service.ts": {"path":"D:\\Projects\\ece651\\backend\\src\\xueshen\\auth\\auth.service.ts","statementMap":{"0":{"start":{"line":1,"column":0},"end":{"line":1,"column":52}},"1":{"start":{"line":7,"column":0},"end":{"line":7,"column":59}},"2":{"start":{"line":11,"column":7},"end":{"line":80,"column":null}},"3":{"start":{"line":13,"column":24},"end":{"line":13,"column":39}},"4":{"start":{"line":12,"column":4},"end":{"line":12,"column":47}},"5":{"start":{"line":19,"column":8},"end":{"line":19,"column":null}},"6":{"start":{"line":20,"column":8},"end":{"line":20,"column":80}},"7":{"start":{"line":24,"column":30},"end":{"line":24,"column":34}},"8":{"start":{"line":25,"column":8},"end":{"line":35,"column":9}},"9":{"start":{"line":27,"column":16},"end":{"line":27,"column":87}},"10":{"start":{"line":29,"column":16},"end":{"line":29,"column":22}},"11":{"start":{"line":31,"column":16},"end":{"line":31,"column":90}},"12":{"start":{"line":32,"column":16},"end":{"line":32,"column":22}},"13":{"start":{"line":34,"column":16},"end":{"line":34,"column":22}},"14":{"start":{"line":37,"column":8},"end":{"line":39,"column":9}},"15":{"start":{"line":38,"column":12},"end":{"line":38,"column":24}},"16":{"start":{"line":42,"column":8},"end":{"line":53,"column":9}},"17":{"start":{"line":43,"column":12},"end":{"line":43,"column":62}},"18":{"start":{"line":46,"column":12},"end":{"line":46,"column":null}},"19":{"start":{"line":47,"column":12},"end":{"line":47,"column":24}},"20":{"start":{"line":49,"column":12},"end":{"line":49,"column":68}},"21":{"start":{"line":50,"column":12},"end":{"line":50,"column":null}},"22":{"start":{"line":51,"column":12},"end":{"line":51,"column":24}},"23":{"start":{"line":57,"column":8},"end":{"line":57,"column":null}},"24":{"start":{"line":58,"column":39},"end":{"line":58,"column":104}},"25":{"start":{"line":59,"column":8},"end":{"line":75,"column":9}},"26":{"start":{"line":60,"column":12},"end":{"line":60,"column":58}},"27":{"start":{"line":61,"column":12},"end":{"line":61,"column":null}},"28":{"start":{"line":62,"column":12},"end":{"line":62,"column":25}},"29":{"start":{"line":64,"column":12},"end":{"line":64,"column":73}},"30":{"start":{"line":69,"column":24},"end":{"line":69,"column":74}},"31":{"start":{"line":70,"column":12},"end":{"line":70,"column":68}},"32":{"start":{"line":71,"column":12},"end":{"line":71,"column":null}},"33":{"start":{"line":73,"column":12},"end":{"line":73,"column":38}},"34":{"start":{"line":11,"column":13},"end":{"line":11,"column":24}},"35":{"start":{"line":11,"column":13},"end":{"line":80,"column":null}}},"fnMap":{"0":{"name":"(anonymous_2)","decl":{"start":{"line":13,"column":4},"end":{"line":13,"column":24}},"loc":{"start":{"line":13,"column":52},"end":{"line":13,"column":57}}},"1":{"name":"(anonymous_3)","decl":{"start":{"line":17,"column":4},"end":{"line":17,"column":9}},"loc":{"start":{"line":17,"column":34},"end":{"line":54,"column":5}}},"2":{"name":"(anonymous_4)","decl":{"start":{"line":56,"column":4},"end":{"line":56,"column":9}},"loc":{"start":{"line":56,"column":47},"end":{"line":76,"column":5}}}},"branchMap":{"0":{"loc":{"start":{"line":25,"column":8},"end":{"line":35,"column":9}},"type":"switch","locations":[{"start":{"line":26,"column":12},"end":{"line":29,"column":22}},{"start":{"line":30,"column":12},"end":{"line":32,"column":22}},{"start":{"line":33,"column":12},"end":{"line":34,"column":22}}]},"1":{"loc":{"start":{"line":37,"column":8},"end":{"line":39,"column":9}},"type":"if","locations":[{"start":{"line":37,"column":8},"end":{"line":39,"column":9}}]},"2":{"loc":{"start":{"line":42,"column":8},"end":{"line":53,"column":9}},"type":"if","locations":[{"start":{"line":42,"column":8},"end":{"line":53,"column":9}},{"start":{"line":48,"column":15},"end":{"line":53,"column":9}}]},"3":{"loc":{"start":{"line":59,"column":8},"end":{"line":75,"column":9}},"type":"if","locations":[{"start":{"line":59,"column":8},"end":{"line":75,"column":9}},{"start":{"line":63,"column":15},"end":{"line":75,"column":9}}]},"4":{"loc":{"start":{"line":73,"column":19},"end":{"line":73,"column":37}},"type":"cond-expr","locations":[{"start":{"line":73,"column":25},"end":{"line":73,"column":29}},{"start":{"line":73,"column":32},"end":{"line":73,"column":37}}]}},"s":{"0":1,"1":1,"2":1,"3":5,"4":5,"5":0,"6":0,"7":0,"8":0,"9":0,"10":0,"11":0,"12":0,"13":0,"14":0,"15":0,"16":0,"17":0,"18":0,"19":0,"20":0,"21":0,"22":0,"23":0,"24":0,"25":0,"26":0,"27":0,"28":0,"29":0,"30":0,"31":0,"32":0,"33":0,"34":1,"35":1},"f":{"0":5,"1":0,"2":0},"b":{"0":[0,0,0],"1":[0],"2":[0,0],"3":[0,0],"4":[0,0]}}
,"D:\\Projects\\ece651\\backend\\src\\xueshen\\db\\db.module.ts": {"path":"D:\\Projects\\ece651\\backend\\src\\xueshen\\db\\db.module.ts","statementMap":{"0":{"start":{"line":1,"column":0},"end":{"line":1,"column":40}},"1":{"start":{"line":3,"column":0},"end":{"line":3,"column":68}},"2":{"start":{"line":4,"column":0},"end":{"line":4,"column":55}},"3":{"start":{"line":5,"column":0},"end":{"line":5,"column":55}},"4":{"start":{"line":11,"column":7},"end":{"line":12,"column":null}},"5":{"start":{"line":11,"column":13},"end":{"line":11,"column":21}},"6":{"start":{"line":11,"column":13},"end":{"line":12,"column":null}}},"fnMap":{},"branchMap":{},"s":{"0":1,"1":1,"2":1,"3":1,"4":1,"5":1,"6":1},"f":{},"b":{}}
,"D:\\Projects\\ece651\\backend\\src\\xueshen\\db\\connection\\connection.service.ts": {"path":"D:\\Projects\\ece651\\backend\\src\\xueshen\\db\\connection\\connection.service.ts","statementMap":{"0":{"start":{"line":1,"column":0},"end":{"line":1,"column":44}},"1":{"start":{"line":2,"column":0},"end":{"line":2,"column":79}},"2":{"start":{"line":3,"column":0},"end":{"line":3,"column":89}},"3":{"start":{"line":6,"column":7},"end":{"line":9,"column":null}},"4":{"start":{"line":7,"column":13},"end":{"line":7,"column":39}},"5":{"start":{"line":8,"column":13},"end":{"line":8,"column":45}},"6":{"start":{"line":6,"column":13},"end":{"line":6,"column":30}},"7":{"start":{"line":6,"column":13},"end":{"line":9,"column":null}}},"fnMap":{"0":{"name":"(anonymous_1)","decl":{"start":{"line":6,"column":7},"end":{"line":6,"column":13}},"loc":{"start":{"line":6,"column":7},"end":{"line":9,"column":1}}}},"branchMap":{},"s":{"0":1,"1":1,"2":1,"3":1,"4":10,"5":10,"6":1,"7":1},"f":{"0":10},"b":{}}
,"D:\\Projects\\ece651\\backend\\src\\xueshen\\db\\post\\db_post.service.ts": {"path":"D:\\Projects\\ece651\\backend\\src\\xueshen\\db\\post\\db_post.service.ts","statementMap":{"0":{"start":{"line":1,"column":0},"end":{"line":1,"column":44}},"1":{"start":{"line":2,"column":0},"end":{"line":2,"column":69}},"2":{"start":{"line":4,"column":0},"end":{"line":4,"column":40}},"3":{"start":{"line":5,"column":0},"end":{"line":5,"column":52}},"4":{"start":{"line":14,"column":7},"end":{"line":364,"column":null}},"5":{"start":{"line":19,"column":33},"end":{"line":19,"column":52}},"6":{"start":{"line":16,"column":21},"end":{"line":16,"column":43}},"7":{"start":{"line":24,"column":8},"end":{"line":49,"column":9}},"8":{"start":{"line":25,"column":25},"end":{"line":29,"column":14}},"9":{"start":{"line":31,"column":12},"end":{"line":33,"column":13}},"10":{"start":{"line":32,"column":16},"end":{"line":32,"column":26}},"11":{"start":{"line":35,"column":31},"end":{"line":35,"column":43}},"12":{"start":{"line":37,"column":28},"end":{"line":43,"column":14}},"13":{"start":{"line":45,"column":12},"end":{"line":45,"column":75}},"14":{"start":{"line":45,"column":45},"end":{"line":45,"column":73}},"15":{"start":{"line":47,"column":12},"end":{"line":47,"column":35}},"16":{"start":{"line":48,"column":12},"end":{"line":48,"column":22}},"17":{"start":{"line":54,"column":8},"end":{"line":65,"column":9}},"18":{"start":{"line":55,"column":26},"end":{"line":60,"column":14}},"19":{"start":{"line":61,"column":12},"end":{"line":61,"column":25}},"20":{"start":{"line":63,"column":12},"end":{"line":63,"column":35}},"21":{"start":{"line":64,"column":12},"end":{"line":64,"column":22}},"22":{"start":{"line":69,"column":8},"end":{"line":82,"column":9}},"23":{"start":{"line":70,"column":26},"end":{"line":77,"column":14}},"24":{"start":{"line":78,"column":12},"end":{"line":78,"column":25}},"25":{"start":{"line":80,"column":12},"end":{"line":80,"column":35}},"26":{"start":{"line":81,"column":12},"end":{"line":81,"column":22}},"27":{"start":{"line":88,"column":8},"end":{"line":120,"column":9}},"28":{"start":{"line":91,"column":25},"end":{"line":95,"column":14}},"29":{"start":{"line":96,"column":12},"end":{"line":98,"column":13}},"30":{"start":{"line":97,"column":16},"end":{"line":97,"column":33}},"31":{"start":{"line":100,"column":31},"end":{"line":104,"column":14}},"32":{"start":{"line":105,"column":12},"end":{"line":114,"column":null}},"33":{"start":{"line":115,"column":12},"end":{"line":115,"column":33}},"34":{"start":{"line":117,"column":12},"end":{"line":117,"column":null}},"35":{"start":{"line":118,"column":12},"end":{"line":118,"column":32}},"36":{"start":{"line":119,"column":12},"end":{"line":119,"column":null}},"37":{"start":{"line":124,"column":8},"end":{"line":134,"column":9}},"38":{"start":{"line":125,"column":29},"end":{"line":129,"column":14}},"39":{"start":{"line":130,"column":12},"end":{"line":130,"column":49}},"40":{"start":{"line":130,"column":39},"end":{"line":130,"column":47}},"41":{"start":{"line":132,"column":12},"end":{"line":132,"column":35}},"42":{"start":{"line":133,"column":12},"end":{"line":133,"column":22}},"43":{"start":{"line":140,"column":8},"end":{"line":153,"column":9}},"44":{"start":{"line":141,"column":12},"end":{"line":148,"column":null}},"45":{"start":{"line":149,"column":12},"end":{"line":149,"column":24}},"46":{"start":{"line":151,"column":12},"end":{"line":151,"column":35}},"47":{"start":{"line":152,"column":12},"end":{"line":152,"column":25}},"48":{"start":{"line":157,"column":8},"end":{"line":181,"column":9}},"49":{"start":{"line":159,"column":25},"end":{"line":163,"column":14}},"50":{"start":{"line":164,"column":12},"end":{"line":166,"column":13}},"51":{"start":{"line":165,"column":16},"end":{"line":165,"column":33}},"52":{"start":{"line":169,"column":31},"end":{"line":174,"column":14}},"53":{"start":{"line":177,"column":12},"end":{"line":177,"column":33}},"54":{"start":{"line":179,"column":12},"end":{"line":179,"column":35}},"55":{"start":{"line":180,"column":12},"end":{"line":180,"column":29}},"56":{"start":{"line":185,"column":8},"end":{"line":209,"column":9}},"57":{"start":{"line":187,"column":25},"end":{"line":191,"column":14}},"58":{"start":{"line":192,"column":12},"end":{"line":194,"column":13}},"59":{"start":{"line":193,"column":16},"end":{"line":193,"column":29}},"60":{"start":{"line":197,"column":12},"end":{"line":204,"column":null}},"61":{"start":{"line":205,"column":12},"end":{"line":205,"column":24}},"62":{"start":{"line":207,"column":12},"end":{"line":207,"column":35}},"63":{"start":{"line":208,"column":12},"end":{"line":208,"column":25}},"64":{"start":{"line":215,"column":8},"end":{"line":250,"column":9}},"65":{"start":{"line":216,"column":23},"end":{"line":242,"column":14}},"66":{"start":{"line":218,"column":35},"end":{"line":222,"column":18}},"67":{"start":{"line":223,"column":16},"end":{"line":225,"column":17}},"68":{"start":{"line":224,"column":20},"end":{"line":224,"column":37}},"69":{"start":{"line":227,"column":27},"end":{"line":227,"column":132}},"70":{"start":{"line":228,"column":16},"end":{"line":230,"column":17}},"71":{"start":{"line":229,"column":20},"end":{"line":229,"column":37}},"72":{"start":{"line":231,"column":16},"end":{"line":240,"column":null}},"73":{"start":{"line":241,"column":16},"end":{"line":241,"column":26}},"74":{"start":{"line":244,"column":12},"end":{"line":244,"column":null}},"75":{"start":{"line":245,"column":12},"end":{"line":245,"column":22}},"76":{"start":{"line":247,"column":12},"end":{"line":247,"column":null}},"77":{"start":{"line":248,"column":12},"end":{"line":248,"column":35}},"78":{"start":{"line":249,"column":12},"end":{"line":249,"column":29}},"79":{"start":{"line":256,"column":8},"end":{"line":269,"column":9}},"80":{"start":{"line":257,"column":12},"end":{"line":264,"column":null}},"81":{"start":{"line":265,"column":12},"end":{"line":265,"column":24}},"82":{"start":{"line":267,"column":12},"end":{"line":267,"column":35}},"83":{"start":{"line":268,"column":12},"end":{"line":268,"column":25}},"84":{"start":{"line":275,"column":8},"end":{"line":298,"column":9}},"85":{"start":{"line":276,"column":23},"end":{"line":293,"column":14}},"86":{"start":{"line":277,"column":31},"end":{"line":281,"column":18}},"87":{"start":{"line":282,"column":16},"end":{"line":291,"column":null}},"88":{"start":{"line":292,"column":16},"end":{"line":292,"column":33}},"89":{"start":{"line":294,"column":12},"end":{"line":294,"column":22}},"90":{"start":{"line":296,"column":12},"end":{"line":296,"column":35}},"91":{"start":{"line":297,"column":12},"end":{"line":297,"column":29}},"92":{"start":{"line":305,"column":8},"end":{"line":315,"column":9}},"93":{"start":{"line":306,"column":25},"end":{"line":310,"column":14}},"94":{"start":{"line":311,"column":12},"end":{"line":311,"column":37}},"95":{"start":{"line":313,"column":12},"end":{"line":313,"column":35}},"96":{"start":{"line":314,"column":12},"end":{"line":314,"column":29}},"97":{"start":{"line":322,"column":20},"end":{"line":326,"column":10}},"98":{"start":{"line":327,"column":8},"end":{"line":327,"column":19}},"99":{"start":{"line":333,"column":21},"end":{"line":337,"column":10}},"100":{"start":{"line":339,"column":8},"end":{"line":341,"column":9}},"101":{"start":{"line":340,"column":12},"end":{"line":340,"column":24}},"102":{"start":{"line":342,"column":21},"end":{"line":346,"column":10}},"103":{"start":{"line":348,"column":31},"end":{"line":348,"column":56}},"104":{"start":{"line":349,"column":8},"end":{"line":349,"column":19}},"105":{"start":{"line":353,"column":8},"end":{"line":357,"column":null}},"106":{"start":{"line":357,"column":24},"end":{"line":357,"column":33}},"107":{"start":{"line":14,"column":13},"end":{"line":14,"column":26}},"108":{"start":{"line":14,"column":13},"end":{"line":364,"column":null}}},"fnMap":{"0":{"name":"(anonymous_2)","decl":{"start":{"line":19,"column":4},"end":{"line":19,"column":33}},"loc":{"start":{"line":19,"column":69},"end":{"line":21,"column":5}}},"1":{"name":"(anonymous_3)","decl":{"start":{"line":23,"column":4},"end":{"line":23,"column":9}},"loc":{"start":{"line":23,"column":43},"end":{"line":50,"column":5}}},"2":{"name":"(anonymous_4)","decl":{"start":{"line":45,"column":34},"end":{"line":45,"column":35}},"loc":{"start":{"line":45,"column":45},"end":{"line":45,"column":73}}},"3":{"name":"(anonymous_5)","decl":{"start":{"line":53,"column":4},"end":{"line":53,"column":9}},"loc":{"start":{"line":53,"column":50},"end":{"line":66,"column":5}}},"4":{"name":"(anonymous_6)","decl":{"start":{"line":68,"column":4},"end":{"line":68,"column":9}},"loc":{"start":{"line":68,"column":52},"end":{"line":83,"column":5}}},"5":{"name":"(anonymous_7)","decl":{"start":{"line":87,"column":4},"end":{"line":87,"column":9}},"loc":{"start":{"line":87,"column":37},"end":{"line":121,"column":5}}},"6":{"name":"(anonymous_8)","decl":{"start":{"line":123,"column":4},"end":{"line":123,"column":9}},"loc":{"start":{"line":123,"column":49},"end":{"line":135,"column":5}}},"7":{"name":"(anonymous_9)","decl":{"start":{"line":130,"column":32},"end":{"line":130,"column":33}},"loc":{"start":{"line":130,"column":39},"end":{"line":130,"column":47}}},"8":{"name":"(anonymous_10)","decl":{"start":{"line":139,"column":4},"end":{"line":139,"column":9}},"loc":{"start":{"line":139,"column":100},"end":{"line":154,"column":5}}},"9":{"name":"(anonymous_11)","decl":{"start":{"line":156,"column":4},"end":{"line":156,"column":9}},"loc":{"start":{"line":156,"column":49},"end":{"line":182,"column":5}}},"10":{"name":"(anonymous_12)","decl":{"start":{"line":184,"column":4},"end":{"line":184,"column":9}},"loc":{"start":{"line":184,"column":51},"end":{"line":210,"column":5}}},"11":{"name":"(anonymous_13)","decl":{"start":{"line":214,"column":4},"end":{"line":214,"column":9}},"loc":{"start":{"line":214,"column":40},"end":{"line":251,"column":5}}},"12":{"name":"(anonymous_14)","decl":{"start":{"line":216,"column":77},"end":{"line":216,"column":82}},"loc":{"start":{"line":216,"column":90},"end":{"line":242,"column":13}}},"13":{"name":"(anonymous_15)","decl":{"start":{"line":255,"column":4},"end":{"line":255,"column":9}},"loc":{"start":{"line":255,"column":33},"end":{"line":270,"column":5}}},"14":{"name":"(anonymous_16)","decl":{"start":{"line":274,"column":4},"end":{"line":274,"column":9}},"loc":{"start":{"line":274,"column":49},"end":{"line":299,"column":5}}},"15":{"name":"(anonymous_17)","decl":{"start":{"line":276,"column":77},"end":{"line":276,"column":82}},"loc":{"start":{"line":276,"column":90},"end":{"line":293,"column":13}}},"16":{"name":"(anonymous_18)","decl":{"start":{"line":304,"column":4},"end":{"line":304,"column":9}},"loc":{"start":{"line":304,"column":41},"end":{"line":318,"column":5}}},"17":{"name":"(anonymous_19)","decl":{"start":{"line":321,"column":4},"end":{"line":321,"column":9}},"loc":{"start":{"line":321,"column":42},"end":{"line":328,"column":5}}},"18":{"name":"(anonymous_20)","decl":{"start":{"line":332,"column":4},"end":{"line":332,"column":9}},"loc":{"start":{"line":332,"column":46},"end":{"line":350,"column":5}}},"19":{"name":"(anonymous_21)","decl":{"start":{"line":352,"column":4},"end":{"line":352,"column":9}},"loc":{"start":{"line":352,"column":20},"end":{"line":358,"column":5}}},"20":{"name":"(anonymous_22)","decl":{"start":{"line":357,"column":16},"end":{"line":357,"column":22}},"loc":{"start":{"line":357,"column":24},"end":{"line":357,"column":33}}}},"branchMap":{"0":{"loc":{"start":{"line":31,"column":12},"end":{"line":33,"column":13}},"type":"if","locations":[{"start":{"line":31,"column":12},"end":{"line":33,"column":13}}]},"1":{"loc":{"start":{"line":31,"column":16},"end":{"line":31,"column":60}},"type":"binary-expr","locations":[{"start":{"line":31,"column":16},"end":{"line":31,"column":29}},{"start":{"line":31,"column":33},"end":{"line":31,"column":60}}]},"2":{"loc":{"start":{"line":96,"column":12},"end":{"line":98,"column":13}},"type":"if","locations":[{"start":{"line":96,"column":12},"end":{"line":98,"column":13}}]},"3":{"loc":{"start":{"line":164,"column":12},"end":{"line":166,"column":13}},"type":"if","locations":[{"start":{"line":164,"column":12},"end":{"line":166,"column":13}}]},"4":{"loc":{"start":{"line":164,"column":16},"end":{"line":164,"column":60}},"type":"binary-expr","locations":[{"start":{"line":164,"column":16},"end":{"line":164,"column":29}},{"start":{"line":164,"column":33},"end":{"line":164,"column":60}}]},"5":{"loc":{"start":{"line":192,"column":12},"end":{"line":194,"column":13}},"type":"if","locations":[{"start":{"line":192,"column":12},"end":{"line":194,"column":13}}]},"6":{"loc":{"start":{"line":192,"column":16},"end":{"line":192,"column":60}},"type":"binary-expr","locations":[{"start":{"line":192,"column":16},"end":{"line":192,"column":29}},{"start":{"line":192,"column":33},"end":{"line":192,"column":60}}]},"7":{"loc":{"start":{"line":223,"column":16},"end":{"line":225,"column":17}},"type":"if","locations":[{"start":{"line":223,"column":16},"end":{"line":225,"column":17}}]},"8":{"loc":{"start":{"line":223,"column":20},"end":{"line":223,"column":76}},"type":"binary-expr","locations":[{"start":{"line":223,"column":20},"end":{"line":223,"column":39}},{"start":{"line":223,"column":43},"end":{"line":223,"column":76}}]},"9":{"loc":{"start":{"line":228,"column":16},"end":{"line":230,"column":17}},"type":"if","locations":[{"start":{"line":228,"column":16},"end":{"line":230,"column":17}}]},"10":{"loc":{"start":{"line":311,"column":19},"end":{"line":311,"column":36}},"type":"binary-expr","locations":[{"start":{"line":311,"column":19},"end":{"line":311,"column":23}},{"start":{"line":311,"column":27},"end":{"line":311,"column":36}}]},"11":{"loc":{"start":{"line":339,"column":8},"end":{"line":341,"column":9}},"type":"if","locations":[{"start":{"line":339,"column":8},"end":{"line":341,"column":9}}]}},"s":{"0":1,"1":1,"2":1,"3":1,"4":1,"5":10,"6":10,"7":0,"8":0,"9":0,"10":0,"11":0,"12":0,"13":0,"14":0,"15":0,"16":0,"17":0,"18":0,"19":0,"20":0,"21":0,"22":0,"23":0,"24":0,"25":0,"26":0,"27":0,"28":0,"29":0,"30":0,"31":0,"32":0,"33":0,"34":0,"35":0,"36":0,"37":0,"38":0,"39":0,"40":0,"41":0,"42":0,"43":0,"44":0,"45":0,"46":0,"47":0,"48":0,"49":0,"50":0,"51":0,"52":0,"53":0,"54":0,"55":0,"56":0,"57":0,"58":0,"59":0,"60":0,"61":0,"62":0,"63":0,"64":0,"65":0,"66":0,"67":0,"68":0,"69":0,"70":0,"71":0,"72":0,"73":0,"74":0,"75":0,"76":0,"77":0,"78":0,"79":0,"80":0,"81":0,"82":0,"83":0,"84":0,"85":0,"86":0,"87":0,"88":0,"89":0,"90":0,"91":0,"92":0,"93":0,"94":0,"95":0,"96":0,"97":0,"98":0,"99":0,"100":0,"101":0,"102":0,"103":0,"104":0,"105":0,"106":0,"107":1,"108":1},"f":{"0":10,"1":0,"2":0,"3":0,"4":0,"5":0,"6":0,"7":0,"8":0,"9":0,"10":0,"11":0,"12":0,"13":0,"14":0,"15":0,"16":0,"17":0,"18":0,"19":0,"20":0},"b":{"0":[0],"1":[0,0],"2":[0],"3":[0],"4":[0,0],"5":[0],"6":[0,0],"7":[0],"8":[0,0],"9":[0],"10":[0,0],"11":[0]}}
,"D:\\Projects\\ece651\\backend\\src\\xueshen\\db\\user\\db_user.service.ts": {"path":"D:\\Projects\\ece651\\backend\\src\\xueshen\\db\\user\\db_user.service.ts","statementMap":{"0":{"start":{"line":1,"column":0},"end":{"line":1,"column":44}},"1":{"start":{"line":2,"column":0},"end":{"line":2,"column":69}},"2":{"start":{"line":8,"column":7},"end":{"line":198,"column":null}},"3":{"start":{"line":9,"column":33},"end":{"line":9,"column":52}},"4":{"start":{"line":12,"column":20},"end":{"line":19,"column":10}},"5":{"start":{"line":21,"column":8},"end":{"line":21,"column":null}},"6":{"start":{"line":28,"column":8},"end":{"line":36,"column":9}},"7":{"start":{"line":29,"column":12},"end":{"line":34,"column":null}},"8":{"start":{"line":35,"column":12},"end":{"line":35,"column":null}},"9":{"start":{"line":37,"column":8},"end":{"line":37,"column":null}},"10":{"start":{"line":41,"column":8},"end":{"line":48,"column":null}},"11":{"start":{"line":49,"column":8},"end":{"line":49,"column":20}},"12":{"start":{"line":53,"column":20},"end":{"line":57,"column":10}},"13":{"start":{"line":58,"column":8},"end":{"line":58,"column":null}},"14":{"start":{"line":62,"column":20},"end":{"line":69,"column":10}},"15":{"start":{"line":70,"column":8},"end":{"line":70,"column":null}},"16":{"start":{"line":75,"column":8},"end":{"line":79,"column":null}},"17":{"start":{"line":83,"column":8},"end":{"line":87,"column":null}},"18":{"start":{"line":91,"column":40},"end":{"line":91,"column":86}},"19":{"start":{"line":92,"column":8},"end":{"line":94,"column":9}},"20":{"start":{"line":93,"column":12},"end":{"line":93,"column":24}},"21":{"start":{"line":95,"column":8},"end":{"line":95,"column":59}},"22":{"start":{"line":101,"column":20},"end":{"line":107,"column":10}},"23":{"start":{"line":108,"column":8},"end":{"line":112,"column":9}},"24":{"start":{"line":109,"column":12},"end":{"line":109,"column":null}},"25":{"start":{"line":111,"column":12},"end":{"line":111,"column":null}},"26":{"start":{"line":111,"column":35},"end":{"line":111,"column":47}},"27":{"start":{"line":117,"column":37},"end":{"line":117,"column":83}},"28":{"start":{"line":118,"column":8},"end":{"line":120,"column":9}},"29":{"start":{"line":119,"column":12},"end":{"line":119,"column":null}},"30":{"start":{"line":121,"column":19},"end":{"line":121,"column":33}},"31":{"start":{"line":126,"column":20},"end":{"line":132,"column":10}},"32":{"start":{"line":133,"column":8},"end":{"line":137,"column":9}},"33":{"start":{"line":134,"column":12},"end":{"line":134,"column":null}},"34":{"start":{"line":136,"column":12},"end":{"line":136,"column":null}},"35":{"start":{"line":136,"column":35},"end":{"line":136,"column":49}},"36":{"start":{"line":141,"column":19},"end":{"line":141,"column":70}},"37":{"start":{"line":142,"column":8},"end":{"line":146,"column":9}},"38":{"start":{"line":143,"column":12},"end":{"line":143,"column":null}},"39":{"start":{"line":145,"column":12},"end":{"line":145,"column":null}},"40":{"start":{"line":151,"column":8},"end":{"line":155,"column":null}},"41":{"start":{"line":159,"column":8},"end":{"line":163,"column":null}},"42":{"start":{"line":167,"column":20},"end":{"line":188,"column":10}},"43":{"start":{"line":168,"column":12},"end":{"line":187,"column":13}},"44":{"start":{"line":171,"column":29},"end":{"line":177,"column":18}},"45":{"start":{"line":178,"column":32},"end":{"line":183,"column":18}},"46":{"start":{"line":184,"column":16},"end":{"line":184,"column":31}},"47":{"start":{"line":186,"column":16},"end":{"line":186,"column":null}},"48":{"start":{"line":190,"column":8},"end":{"line":190,"column":19}},"49":{"start":{"line":8,"column":13},"end":{"line":8,"column":26}},"50":{"start":{"line":8,"column":13},"end":{"line":198,"column":null}}},"fnMap":{"0":{"name":"(anonymous_2)","decl":{"start":{"line":9,"column":4},"end":{"line":9,"column":33}},"loc":{"start":{"line":9,"column":69},"end":{"line":9,"column":74}}},"1":{"name":"(anonymous_3)","decl":{"start":{"line":11,"column":4},"end":{"line":11,"column":9}},"loc":{"start":{"line":11,"column":58},"end":{"line":23,"column":5}}},"2":{"name":"(anonymous_4)","decl":{"start":{"line":27,"column":4},"end":{"line":27,"column":9}},"loc":{"start":{"line":27,"column":47},"end":{"line":38,"column":5}}},"3":{"name":"(anonymous_5)","decl":{"start":{"line":40,"column":4},"end":{"line":40,"column":9}},"loc":{"start":{"line":40,"column":47},"end":{"line":50,"column":5}}},"4":{"name":"(anonymous_6)","decl":{"start":{"line":52,"column":4},"end":{"line":52,"column":9}},"loc":{"start":{"line":52,"column":35},"end":{"line":59,"column":5}}},"5":{"name":"(anonymous_7)","decl":{"start":{"line":61,"column":4},"end":{"line":61,"column":9}},"loc":{"start":{"line":61,"column":57},"end":{"line":71,"column":5}}},"6":{"name":"(anonymous_8)","decl":{"start":{"line":74,"column":4},"end":{"line":74,"column":9}},"loc":{"start":{"line":74,"column":37},"end":{"line":80,"column":5}}},"7":{"name":"(anonymous_9)","decl":{"start":{"line":82,"column":4},"end":{"line":82,"column":9}},"loc":{"start":{"line":82,"column":43},"end":{"line":88,"column":5}}},"8":{"name":"(anonymous_10)","decl":{"start":{"line":90,"column":4},"end":{"line":90,"column":9}},"loc":{"start":{"line":90,"column":49},"end":{"line":96,"column":5}}},"9":{"name":"(anonymous_11)","decl":{"start":{"line":100,"column":4},"end":{"line":100,"column":9}},"loc":{"start":{"line":100,"column":40},"end":{"line":114,"column":5}}},"10":{"name":"(anonymous_12)","decl":{"start":{"line":111,"column":27},"end":{"line":111,"column":33}},"loc":{"start":{"line":111,"column":35},"end":{"line":111,"column":47}}},"11":{"name":"(anonymous_13)","decl":{"start":{"line":116,"column":4},"end":{"line":116,"column":9}},"loc":{"start":{"line":116,"column":52},"end":{"line":123,"column":5}}},"12":{"name":"(anonymous_14)","decl":{"start":{"line":125,"column":4},"end":{"line":125,"column":9}},"loc":{"start":{"line":125,"column":41},"end":{"line":138,"column":5}}},"13":{"name":"(anonymous_15)","decl":{"start":{"line":136,"column":27},"end":{"line":136,"column":33}},"loc":{"start":{"line":136,"column":35},"end":{"line":136,"column":49}}},"14":{"name":"(anonymous_16)","decl":{"start":{"line":140,"column":4},"end":{"line":140,"column":9}},"loc":{"start":{"line":140,"column":45},"end":{"line":147,"column":5}}},"15":{"name":"(anonymous_17)","decl":{"start":{"line":150,"column":4},"end":{"line":150,"column":9}},"loc":{"start":{"line":150,"column":45},"end":{"line":156,"column":5}}},"16":{"name":"(anonymous_18)","decl":{"start":{"line":158,"column":4},"end":{"line":158,"column":9}},"loc":{"start":{"line":158,"column":52},"end":{"line":164,"column":5}}},"17":{"name":"(anonymous_19)","decl":{"start":{"line":166,"column":4},"end":{"line":166,"column":9}},"loc":{"start":{"line":166,"column":49},"end":{"line":191,"column":5}}},"18":{"name":"(anonymous_20)","decl":{"start":{"line":167,"column":71},"end":{"line":167,"column":76}},"loc":{"start":{"line":167,"column":84},"end":{"line":188,"column":9}}}},"branchMap":{"0":{"loc":{"start":{"line":28,"column":8},"end":{"line":36,"column":9}},"type":"if","locations":[{"start":{"line":28,"column":8},"end":{"line":36,"column":9}}]},"1":{"loc":{"start":{"line":28,"column":12},"end":{"line":28,"column":74}},"type":"binary-expr","locations":[{"start":{"line":28,"column":12},"end":{"line":28,"column":42}},{"start":{"line":28,"column":46},"end":{"line":28,"column":74}}]},"2":{"loc":{"start":{"line":92,"column":8},"end":{"line":94,"column":9}},"type":"if","locations":[{"start":{"line":92,"column":8},"end":{"line":94,"column":9}}]},"3":{"loc":{"start":{"line":108,"column":8},"end":{"line":112,"column":9}},"type":"if","locations":[{"start":{"line":108,"column":8},"end":{"line":112,"column":9}},{"start":{"line":110,"column":13},"end":{"line":112,"column":9}}]},"4":{"loc":{"start":{"line":118,"column":8},"end":{"line":120,"column":9}},"type":"if","locations":[{"start":{"line":118,"column":8},"end":{"line":120,"column":9}}]},"5":{"loc":{"start":{"line":133,"column":8},"end":{"line":137,"column":9}},"type":"if","locations":[{"start":{"line":133,"column":8},"end":{"line":137,"column":9}},{"start":{"line":135,"column":13},"end":{"line":137,"column":9}}]},"6":{"loc":{"start":{"line":141,"column":19},"end":{"line":141,"column":70}},"type":"binary-expr","locations":[{"start":{"line":141,"column":19},"end":{"line":141,"column":64}},{"start":{"line":141,"column":66},"end":{"line":141,"column":70}}]},"7":{"loc":{"start":{"line":142,"column":8},"end":{"line":146,"column":9}},"type":"if","locations":[{"start":{"line":142,"column":8},"end":{"line":146,"column":9}},{"start":{"line":144,"column":13},"end":{"line":146,"column":9}}]}},"s":{"0":1,"1":1,"2":1,"3":20,"4":0,"5":0,"6":0,"7":0,"8":0,"9":0,"10":0,"11":0,"12":0,"13":0,"14":0,"15":0,"16":0,"17":1,"18":0,"19":0,"20":0,"21":0,"22":0,"23":0,"24":0,"25":0,"26":0,"27":0,"28":0,"29":0,"30":0,"31":0,"32":0,"33":0,"34":0,"35":0,"36":0,"37":0,"38":0,"39":0,"40":3,"41":0,"42":0,"43":0,"44":0,"45":0,"46":0,"47":0,"48":0,"49":1,"50":1},"f":{"0":20,"1":0,"2":0,"3":0,"4":0,"5":0,"6":0,"7":1,"8":0,"9":0,"10":0,"11":0,"12":0,"13":0,"14":0,"15":3,"16":0,"17":0,"18":0},"b":{"0":[0],"1":[0,0],"2":[0],"3":[0,0],"4":[0],"5":[0,0],"6":[0,0],"7":[0,0]}}
,"D:\\Projects\\ece651\\backend\\src\\xueshen\\dto\\NullableDto.ts": {"path":"D:\\Projects\\ece651\\backend\\src\\xueshen\\dto\\NullableDto.ts","statementMap":{"0":{"start":{"line":3,"column":8},"end":{"line":7,"column":9}},"1":{"start":{"line":4,"column":12},"end":{"line":6,"column":13}},"2":{"start":{"line":5,"column":16},"end":{"line":5,"column":null}},"3":{"start":{"line":8,"column":8},"end":{"line":8,"column":null}},"4":{"start":{"line":1,"column":0},"end":{"line":1,"column":21}}},"fnMap":{"0":{"name":"(anonymous_0)","decl":{"start":{"line":2,"column":4},"end":{"line":2,"column":20}},"loc":{"start":{"line":2,"column":20},"end":{"line":9,"column":5}}}},"branchMap":{"0":{"loc":{"start":{"line":4,"column":12},"end":{"line":6,"column":13}},"type":"if","locations":[{"start":{"line":4,"column":12},"end":{"line":6,"column":13}}]}},"s":{"0":0,"1":0,"2":0,"3":0,"4":1},"f":{"0":0},"b":{"0":[0]}}
,"D:\\Projects\\ece651\\backend\\src\\xueshen\\dto\\basicQueryDto.ts": {"path":"D:\\Projects\\ece651\\backend\\src\\xueshen\\dto\\basicQueryDto.ts","statementMap":{"0":{"start":{"line":1,"column":0},"end":{"line":1,"column":52}},"1":{"start":{"line":10,"column":4},"end":{"line":10,"column":49}},"2":{"start":{"line":3,"column":0},"end":{"line":3,"column":21}},"3":{"start":{"line":8,"column":4},"end":{"line":8,"column":null}}},"fnMap":{"0":{"name":"(anonymous_2)","decl":{"start":{"line":3,"column":0},"end":{"line":3,"column":21}},"loc":{"start":{"line":3,"column":0},"end":{"line":15,"column":1}}}},"branchMap":{},"s":{"0":1,"1":0,"2":1,"3":1},"f":{"0":0},"b":{}}
,"D:\\Projects\\ece651\\backend\\src\\xueshen\\dto\\createPostDto.ts": {"path":"D:\\Projects\\ece651\\backend\\src\\xueshen\\dto\\createPostDto.ts","statementMap":{"0":{"start":{"line":1,"column":0},"end":{"line":1,"column":55}},"1":{"start":{"line":3,"column":0},"end":{"line":3,"column":40}},"2":{"start":{"line":28,"column":8},"end":{"line":28,"column":16}},"3":{"start":{"line":30,"column":8},"end":{"line":30,"column":27}},"4":{"start":{"line":31,"column":8},"end":{"line":31,"column":33}},"5":{"start":{"line":32,"column":8},"end":{"line":32,"column":27}},"6":{"start":{"line":33,"column":8},"end":{"line":33,"column":31}},"7":{"start":{"line":34,"column":8},"end":{"line":34,"column":39}},"8":{"start":{"line":6,"column":0},"end":{"line":6,"column":21}},"9":{"start":{"line":9,"column":4},"end":{"line":9,"column":null}},"10":{"start":{"line":12,"column":4},"end":{"line":12,"column":null}},"11":{"start":{"line":15,"column":4},"end":{"line":15,"column":null}},"12":{"start":{"line":20,"column":4},"end":{"line":20,"column":null}},"13":{"start":{"line":23,"column":4},"end":{"line":23,"column":null}}},"fnMap":{"0":{"name":"(anonymous_2)","decl":{"start":{"line":26,"column":4},"end":{"line":26,"column":16}},"loc":{"start":{"line":26,"column":108},"end":{"line":36,"column":5}}}},"branchMap":{"0":{"loc":{"start":{"line":34,"column":22},"end":{"line":34,"column":38}},"type":"binary-expr","locations":[{"start":{"line":34,"column":22},"end":{"line":34,"column":28}},{"start":{"line":34,"column":31},"end":{"line":34,"column":38}}]}},"s":{"0":1,"1":1,"2":0,"3":0,"4":0,"5":0,"6":0,"7":0,"8":1,"9":1,"10":1,"11":1,"12":1,"13":1},"f":{"0":0},"b":{"0":[0,0]}}
,"D:\\Projects\\ece651\\backend\\src\\xueshen\\dto\\createReplyDto.ts": {"path":"D:\\Projects\\ece651\\backend\\src\\xueshen\\dto\\createReplyDto.ts","statementMap":{"0":{"start":{"line":1,"column":0},"end":{"line":1,"column":55}},"1":{"start":{"line":2,"column":0},"end":{"line":2,"column":44}},"2":{"start":{"line":15,"column":8},"end":{"line":15,"column":47}},"3":{"start":{"line":17,"column":8},"end":{"line":17,"column":43}},"4":{"start":{"line":6,"column":0},"end":{"line":6,"column":21}},"5":{"start":{"line":10,"column":4},"end":{"line":10,"column":null}}},"fnMap":{"0":{"name":"(anonymous_2)","decl":{"start":{"line":13,"column":4},"end":{"line":13,"column":16}},"loc":{"start":{"line":13,"column":106},"end":{"line":18,"column":5}}}},"branchMap":{},"s":{"0":1,"1":1,"2":0,"3":0,"4":1,"5":1},"f":{"0":0},"b":{}}
,"D:\\Projects\\ece651\\backend\\src\\xueshen\\dto\\createUserDto.ts": {"path":"D:\\Projects\\ece651\\backend\\src\\xueshen\\dto\\createUserDto.ts","statementMap":{"0":{"start":{"line":1,"column":0},"end":{"line":1,"column":82}},"1":{"start":{"line":3,"column":0},"end":{"line":3,"column":40}},"2":{"start":{"line":27,"column":8},"end":{"line":27,"column":16}},"3":{"start":{"line":28,"column":8},"end":{"line":28,"column":25}},"4":{"start":{"line":29,"column":8},"end":{"line":29,"column":33}},"5":{"start":{"line":30,"column":8},"end":{"line":30,"column":27}},"6":{"start":{"line":31,"column":8},"end":{"line":31,"column":25}},"7":{"start":{"line":5,"column":0},"end":{"line":5,"column":13}},"8":{"start":{"line":8,"column":4},"end":{"line":8,"column":null}},"9":{"start":{"line":12,"column":4},"end":{"line":12,"column":null}},"10":{"start":{"line":16,"column":4},"end":{"line":16,"column":null}},"11":{"start":{"line":20,"column":4},"end":{"line":20,"column":null}},"12":{"start":{"line":24,"column":4},"end":{"line":24,"column":null}}},"fnMap":{"0":{"name":"(anonymous_2)","decl":{"start":{"line":26,"column":4},"end":{"line":26,"column":16}},"loc":{"start":{"line":26,"column":92},"end":{"line":32,"column":5}}}},"branchMap":{"0":{"loc":{"start":{"line":26,"column":63},"end":{"line":26,"column":92}},"type":"default-arg","locations":[{"start":{"line":26,"column":68},"end":{"line":26,"column":92}}]}},"s":{"0":1,"1":1,"2":0,"3":0,"4":0,"5":0,"6":0,"7":1,"8":1,"9":1,"10":1,"11":1,"12":1},"f":{"0":0},"b":{"0":[0]}}
,"D:\\Projects\\ece651\\backend\\src\\xueshen\\dto\\loginDto.ts": {"path":"D:\\Projects\\ece651\\backend\\src\\xueshen\\dto\\loginDto.ts","statementMap":{"0":{"start":{"line":1,"column":0},"end":{"line":1,"column":63}},"1":{"start":{"line":4,"column":0},"end":{"line":4,"column":21}},"2":{"start":{"line":8,"column":4},"end":{"line":8,"column":null}},"3":{"start":{"line":15,"column":4},"end":{"line":15,"column":null}},"4":{"start":{"line":18,"column":4},"end":{"line":18,"column":null}}},"fnMap":{},"branchMap":{},"s":{"0":1,"1":1,"2":1,"3":1,"4":1},"f":{},"b":{}}
,"D:\\Projects\\ece651\\backend\\src\\xueshen\\dto\\updateProfileDto.ts": {"path":"D:\\Projects\\ece651\\backend\\src\\xueshen\\dto\\updateProfileDto.ts","statementMap":{"0":{"start":{"line":1,"column":0},"end":{"line":1,"column":74}},"1":{"start":{"line":2,"column":0},"end":{"line":2,"column":46}},"2":{"start":{"line":3,"column":0},"end":{"line":3,"column":40}},"3":{"start":{"line":50,"column":8},"end":{"line":50,"column":16}},"4":{"start":{"line":51,"column":8},"end":{"line":51,"column":29}},"5":{"start":{"line":52,"column":8},"end":{"line":52,"column":33}},"6":{"start":{"line":53,"column":8},"end":{"line":53,"column":29}},"7":{"start":{"line":54,"column":8},"end":{"line":54,"column":23}},"8":{"start":{"line":55,"column":8},"end":{"line":55,"column":35}},"9":{"start":{"line":23,"column":0},"end":{"line":23,"column":21}},"10":{"start":{"line":27,"column":4},"end":{"line":27,"column":null}},"11":{"start":{"line":30,"column":13},"end":{"line":30,"column":null}},"12":{"start":{"line":34,"column":13},"end":{"line":34,"column":null}},"13":{"start":{"line":37,"column":13},"end":{"line":37,"column":null}},"14":{"start":{"line":40,"column":13},"end":{"line":40,"column":null}},"15":{"start":{"line":47,"column":13},"end":{"line":47,"column":null}}},"fnMap":{"0":{"name":"(anonymous_2)","decl":{"start":{"line":49,"column":4},"end":{"line":49,"column":16}},"loc":{"start":{"line":49,"column":99},"end":{"line":56,"column":5}}}},"branchMap":{},"s":{"0":1,"1":1,"2":1,"3":0,"4":0,"5":0,"6":0,"7":0,"8":0,"9":1,"10":1,"11":1,"12":1,"13":1,"14":1,"15":1},"f":{"0":0},"b":{}}
,"D:\\Projects\\ece651\\backend\\src\\xueshen\\posts\\posts.controller.ts": {"path":"D:\\Projects\\ece651\\backend\\src\\xueshen\\posts\\posts.controller.ts","statementMap":{"0":{"start":{"line":1,"column":0},"end":{"line":1,"column":50}},"1":{"start":{"line":2,"column":0},"end":{"line":2,"column":47}},"2":{"start":{"line":3,"column":0},"end":{"line":3,"column":49}},"3":{"start":{"line":6,"column":0},"end":{"line":6,"column":49}},"4":{"start":{"line":7,"column":0},"end":{"line":7,"column":51}},"5":{"start":{"line":11,"column":7},"end":{"line":61,"column":null}},"6":{"start":{"line":12,"column":33},"end":{"line":12,"column":45}},"7":{"start":{"line":18,"column":8},"end":{"line":18,"column":61}},"8":{"start":{"line":23,"column":8},"end":{"line":23,"column":85}},"9":{"start":{"line":28,"column":8},"end":{"line":28,"column":87}},"10":{"start":{"line":33,"column":8},"end":{"line":33,"column":84}},"11":{"start":{"line":38,"column":8},"end":{"line":38,"column":78}},"12":{"start":{"line":53,"column":8},"end":{"line":53,"column":63}},"13":{"start":{"line":58,"column":8},"end":{"line":58,"column":71}},"14":{"start":{"line":11,"column":13},"end":{"line":11,"column":28}},"15":{"start":{"line":17,"column":10},"end":{"line":19,"column":null}},"16":{"start":{"line":22,"column":10},"end":{"line":24,"column":null}},"17":{"start":{"line":27,"column":10},"end":{"line":29,"column":null}},"18":{"start":{"line":32,"column":10},"end":{"line":34,"column":null}},"19":{"start":{"line":37,"column":10},"end":{"line":39,"column":null}},"20":{"start":{"line":52,"column":10},"end":{"line":54,"column":null}},"21":{"start":{"line":57,"column":10},"end":{"line":59,"column":null}},"22":{"start":{"line":11,"column":13},"end":{"line":61,"column":null}}},"fnMap":{"0":{"name":"(anonymous_2)","decl":{"start":{"line":12,"column":4},"end":{"line":12,"column":33}},"loc":{"start":{"line":12,"column":57},"end":{"line":12,"column":61}}},"1":{"name":"(anonymous_3)","decl":{"start":{"line":17,"column":4},"end":{"line":17,"column":9}},"loc":{"start":{"line":17,"column":45},"end":{"line":19,"column":5}}},"2":{"name":"(anonymous_4)","decl":{"start":{"line":22,"column":4},"end":{"line":22,"column":9}},"loc":{"start":{"line":22,"column":60},"end":{"line":24,"column":5}}},"3":{"name":"(anonymous_5)","decl":{"start":{"line":27,"column":4},"end":{"line":27,"column":9}},"loc":{"start":{"line":27,"column":62},"end":{"line":29,"column":5}}},"4":{"name":"(anonymous_6)","decl":{"start":{"line":32,"column":4},"end":{"line":32,"column":9}},"loc":{"start":{"line":32,"column":59},"end":{"line":34,"column":5}}},"5":{"name":"(anonymous_7)","decl":{"start":{"line":37,"column":4},"end":{"line":37,"column":9}},"loc":{"start":{"line":37,"column":53},"end":{"line":39,"column":5}}},"6":{"name":"(anonymous_8)","decl":{"start":{"line":52,"column":4},"end":{"line":52,"column":9}},"loc":{"start":{"line":52,"column":48},"end":{"line":54,"column":5}}},"7":{"name":"(anonymous_9)","decl":{"start":{"line":57,"column":4},"end":{"line":57,"column":9}},"loc":{"start":{"line":57,"column":46},"end":{"line":59,"column":5}}}},"branchMap":{},"s":{"0":1,"1":1,"2":1,"3":1,"4":1,"5":1,"6":5,"7":0,"8":0,"9":0,"10":0,"11":0,"12":0,"13":0,"14":1,"15":1,"16":1,"17":1,"18":1,"19":1,"20":1,"21":1,"22":1},"f":{"0":5,"1":0,"2":0,"3":0,"4":0,"5":0,"6":0,"7":0},"b":{}}
,"D:\\Projects\\ece651\\backend\\src\\xueshen\\posts\\posts.module.ts": {"path":"D:\\Projects\\ece651\\backend\\src\\xueshen\\posts\\posts.module.ts","statementMap":{"0":{"start":{"line":1,"column":0},"end":{"line":1,"column":40}},"1":{"start":{"line":2,"column":0},"end":{"line":2,"column":47}},"2":{"start":{"line":3,"column":0},"end":{"line":3,"column":53}},"3":{"start":{"line":5,"column":0},"end":{"line":5,"column":59}},"4":{"start":{"line":6,"column":0},"end":{"line":6,"column":59}},"5":{"start":{"line":7,"column":0},"end":{"line":7,"column":72}},"6":{"start":{"line":14,"column":7},"end":{"line":14,"column":null}},"7":{"start":{"line":14,"column":13},"end":{"line":14,"column":24}},"8":{"start":{"line":14,"column":13},"end":{"line":14,"column":null}}},"fnMap":{},"branchMap":{},"s":{"0":1,"1":1,"2":1,"3":1,"4":1,"5":1,"6":1,"7":1,"8":1},"f":{},"b":{}}
,"D:\\Projects\\ece651\\backend\\src\\xueshen\\posts\\posts.service.ts": {"path":"D:\\Projects\\ece651\\backend\\src\\xueshen\\posts\\posts.service.ts","statementMap":{"0":{"start":{"line":1,"column":0},"end":{"line":1,"column":44}},"1":{"start":{"line":5,"column":0},"end":{"line":5,"column":59}},"2":{"start":{"line":8,"column":7},"end":{"line":66,"column":null}},"3":{"start":{"line":10,"column":34},"end":{"line":10,"column":48}},"4":{"start":{"line":13,"column":8},"end":{"line":13,"column":63}},"5":{"start":{"line":19,"column":8},"end":{"line":19,"column":74}},"6":{"start":{"line":22,"column":8},"end":{"line":22,"column":76}},"7":{"start":{"line":26,"column":8},"end":{"line":26,"column":73}},"8":{"start":{"line":30,"column":8},"end":{"line":30,"column":66}},"9":{"start":{"line":42,"column":8},"end":{"line":42,"column":65}},"10":{"start":{"line":46,"column":8},"end":{"line":46,"column":53}},"11":{"start":{"line":50,"column":8},"end":{"line":50,"column":73}},"12":{"start":{"line":54,"column":8},"end":{"line":54,"column":67}},"13":{"start":{"line":58,"column":8},"end":{"line":58,"column":69}},"14":{"start":{"line":62,"column":8},"end":{"line":62,"column":64}},"15":{"start":{"line":8,"column":13},"end":{"line":8,"column":25}},"16":{"start":{"line":8,"column":13},"end":{"line":66,"column":null}}},"fnMap":{"0":{"name":"(anonymous_2)","decl":{"start":{"line":10,"column":4},"end":{"line":10,"column":34}},"loc":{"start":{"line":10,"column":61},"end":{"line":10,"column":64}}},"1":{"name":"(anonymous_3)","decl":{"start":{"line":12,"column":4},"end":{"line":12,"column":9}},"loc":{"start":{"line":12,"column":45},"end":{"line":14,"column":5}}},"2":{"name":"(anonymous_4)","decl":{"start":{"line":18,"column":4},"end":{"line":18,"column":9}},"loc":{"start":{"line":18,"column":42},"end":{"line":20,"column":5}}},"3":{"name":"(anonymous_5)","decl":{"start":{"line":21,"column":4},"end":{"line":21,"column":9}},"loc":{"start":{"line":21,"column":44},"end":{"line":23,"column":5}}},"4":{"name":"(anonymous_6)","decl":{"start":{"line":25,"column":4},"end":{"line":25,"column":9}},"loc":{"start":{"line":25,"column":41},"end":{"line":27,"column":5}}},"5":{"name":"(anonymous_7)","decl":{"start":{"line":29,"column":4},"end":{"line":29,"column":9}},"loc":{"start":{"line":29,"column":35},"end":{"line":31,"column":5}}},"6":{"name":"(anonymous_8)","decl":{"start":{"line":41,"column":4},"end":{"line":41,"column":9}},"loc":{"start":{"line":41,"column":33},"end":{"line":43,"column":5}}},"7":{"name":"(anonymous_9)","decl":{"start":{"line":45,"column":4},"end":{"line":45,"column":9}},"loc":{"start":{"line":45,"column":28},"end":{"line":47,"column":5}}},"8":{"name":"(anonymous_10)","decl":{"start":{"line":49,"column":4},"end":{"line":49,"column":9}},"loc":{"start":{"line":49,"column":31},"end":{"line":51,"column":5}}},"9":{"name":"(anonymous_11)","decl":{"start":{"line":53,"column":4},"end":{"line":53,"column":9}},"loc":{"start":{"line":53,"column":42},"end":{"line":55,"column":5}}},"10":{"name":"(anonymous_12)","decl":{"start":{"line":57,"column":4},"end":{"line":57,"column":9}},"loc":{"start":{"line":57,"column":44},"end":{"line":59,"column":5}}},"11":{"name":"(anonymous_13)","decl":{"start":{"line":61,"column":4},"end":{"line":61,"column":9}},"loc":{"start":{"line":61,"column":48},"end":{"line":63,"column":5}}}},"branchMap":{},"s":{"0":1,"1":1,"2":1,"3":5,"4":0,"5":0,"6":0,"7":0,"8":0,"9":0,"10":0,"11":0,"12":0,"13":0,"14":0,"15":1,"16":1},"f":{"0":5,"1":0,"2":0,"3":0,"4":0,"5":0,"6":0,"7":0,"8":0,"9":0,"10":0,"11":0},"b":{}}
}
