TN:
SF:src\app.controller.ts
FN:11,(anonymous_2)
FN:14,(anonymous_3)
FNF:2
FNH:2
FNDA:5,(anonymous_2)
FNDA:1,(anonymous_3)
DA:1,1
DA:2,1
DA:5,1
DA:11,5
DA:14,1
DA:16,1
LF:6
LH:6
BRF:0
BRH:0
end_of_record
TN:
SF:src\app.module.ts
FNF:0
FNH:0
DA:1,1
DA:2,1
DA:3,1
DA:5,1
DA:6,1
DA:13,1
LF:6
LH:6
BRF:0
BRH:0
end_of_record
TN:
SF:src\app.service.ts
FN:5,(anonymous_1)
FNF:1
FNH:1
FNDA:1,(anonymous_1)
DA:1,1
DA:4,1
DA:6,1
LF:3
LH:3
BRF:0
BRH:0
end_of_record
TN:
SF:src\byan\byan.module.ts
FNF:0
FNH:0
DA:1,1
DA:2,1
DA:9,1
LF:3
LH:3
BRF:0
BRH:0
end_of_record
TN:
SF:src\byan\profile\profile.controller.ts
FN:11,(anonymous_4)
FN:50,(anonymous_5)
FN:84,(anonymous_6)
FN:104,(anonymous_7)
FNF:4
FNH:3
FNDA:5,(anonymous_4)
FNDA:3,(anonymous_5)
FNDA:0,(anonymous_6)
FNDA:1,(anonymous_7)
DA:1,1
DA:2,1
DA:6,1
DA:10,1
DA:11,5
DA:50,1
DA:51,3
DA:52,3
DA:54,0
DA:55,0
DA:63,0
DA:74,3
DA:84,1
DA:88,0
DA:89,0
DA:91,0
DA:95,0
DA:104,1
DA:105,1
DA:106,1
DA:108,0
DA:109,0
DA:117,0
DA:118,0
DA:129,1
LF:25
LH:14
BRDA:54,0,0,0
BRDA:108,1,0,0
BRF:2
BRH:0
end_of_record
TN:
SF:src\byan\profile\profile.module.ts
FNF:0
FNH:0
DA:1,1
DA:2,1
DA:3,1
DA:5,1
DA:6,1
DA:13,1
LF:6
LH:6
BRF:0
BRH:0
end_of_record
TN:
SF:src\byan\profile\profile.service.ts
FN:10,(anonymous_2)
FN:46,(anonymous_3)
FN:50,(anonymous_4)
FN:54,(anonymous_5)
FNF:4
FNH:3
FNDA:5,(anonymous_2)
FNDA:3,(anonymous_3)
FNDA:0,(anonymous_4)
FNDA:1,(anonymous_5)
DA:1,1
DA:4,1
DA:9,1
DA:10,5
DA:47,3
DA:51,0
DA:55,1
LF:7
LH:6
BRF:0
BRH:0
end_of_record
TN:
SF:src\xueshen\xueshen.module.ts
FNF:0
FNH:0
DA:1,1
DA:2,1
DA:3,1
DA:4,1
DA:14,1
LF:5
LH:5
BRF:0
BRH:0
end_of_record
TN:
SF:src\xueshen\auth\auth.controller.ts
FN:15,(anonymous_4)
FN:18,(anonymous_5)
FN:43,(anonymous_6)
FNF:3
FNH:1
FNDA:5,(anonymous_4)
FNDA:0,(anonymous_5)
FNDA:0,(anonymous_6)
DA:1,1
DA:2,1
DA:3,1
DA:4,1
DA:5,1
DA:11,1
DA:13,5
DA:15,5
DA:18,1
DA:19,0
DA:20,0
DA:21,0
DA:22,0
DA:24,0
DA:25,0
DA:26,0
DA:31,0
DA:33,0
DA:43,1
DA:44,0
DA:45,0
DA:46,0
DA:47,0
DA:48,0
DA:49,0
DA:54,0
DA:59,0
LF:27
LH:10
BRDA:22,0,0,0
BRDA:22,0,1,0
BRDA:24,1,0,0
BRDA:24,1,1,0
BRDA:46,2,0,0
BRDA:46,2,1,0
BRDA:47,3,0,0
BRDA:47,3,1,0
BRF:8
BRH:0
end_of_record
TN:
SF:src\xueshen\auth\auth.module.ts
FNF:0
FNH:0
DA:1,1
DA:2,1
DA:3,1
DA:4,1
DA:5,1
DA:13,1
LF:6
LH:6
BRF:0
BRH:0
end_of_record
TN:
SF:src\xueshen\auth\auth.service.ts
FN:13,(anonymous_2)
FN:17,(anonymous_3)
FN:56,(anonymous_4)
FNF:3
FNH:1
FNDA:5,(anonymous_2)
FNDA:0,(anonymous_3)
FNDA:0,(anonymous_4)
DA:1,1
DA:7,1
DA:11,1
DA:12,5
DA:13,5
DA:19,0
DA:20,0
DA:24,0
DA:25,0
DA:27,0
DA:29,0
DA:31,0
DA:32,0
DA:34,0
DA:37,0
DA:38,0
DA:42,0
DA:43,0
DA:46,0
DA:47,0
DA:49,0
DA:50,0
DA:51,0
DA:57,0
DA:58,0
DA:59,0
DA:60,0
DA:61,0
DA:62,0
DA:64,0
DA:69,0
DA:70,0
DA:71,0
DA:73,0
LF:34
LH:5
BRDA:25,0,0,0
BRDA:25,0,1,0
BRDA:25,0,2,0
BRDA:37,1,0,0
BRDA:42,2,0,0
BRDA:42,2,1,0
BRDA:59,3,0,0
BRDA:59,3,1,0
BRDA:73,4,0,0
BRDA:73,4,1,0
BRF:10
BRH:0
end_of_record
TN:
SF:src\xueshen\db\db.module.ts
FNF:0
FNH:0
DA:1,1
DA:3,1
DA:4,1
DA:5,1
DA:11,1
LF:5
LH:5
BRF:0
BRH:0
end_of_record
TN:
SF:src\xueshen\db\connection\connection.service.ts
FN:6,(anonymous_1)
FNF:1
FNH:1
FNDA:10,(anonymous_1)
DA:1,1
DA:2,1
DA:3,1
DA:6,1
DA:7,10
DA:8,10
LF:6
LH:6
BRF:0
BRH:0
end_of_record
TN:
SF:src\xueshen\db\post\db_post.service.ts
FN:19,(anonymous_2)
FN:23,(anonymous_3)
FN:45,(anonymous_4)
FN:53,(anonymous_5)
FN:68,(anonymous_6)
FN:87,(anonymous_7)
FN:123,(anonymous_8)
FN:130,(anonymous_9)
FN:139,(anonymous_10)
FN:156,(anonymous_11)
FN:184,(anonymous_12)
FN:214,(anonymous_13)
FN:216,(anonymous_14)
FN:255,(anonymous_15)
FN:274,(anonymous_16)
FN:276,(anonymous_17)
FN:304,(anonymous_18)
FN:321,(anonymous_19)
FN:332,(anonymous_20)
FN:352,(anonymous_21)
FN:357,(anonymous_22)
FNF:21
FNH:1
FNDA:10,(anonymous_2)
FNDA:0,(anonymous_3)
FNDA:0,(anonymous_4)
FNDA:0,(anonymous_5)
FNDA:0,(anonymous_6)
FNDA:0,(anonymous_7)
FNDA:0,(anonymous_8)
FNDA:0,(anonymous_9)
FNDA:0,(anonymous_10)
FNDA:0,(anonymous_11)
FNDA:0,(anonymous_12)
FNDA:0,(anonymous_13)
FNDA:0,(anonymous_14)
FNDA:0,(anonymous_15)
FNDA:0,(anonymous_16)
FNDA:0,(anonymous_17)
FNDA:0,(anonymous_18)
FNDA:0,(anonymous_19)
FNDA:0,(anonymous_20)
FNDA:0,(anonymous_21)
FNDA:0,(anonymous_22)
DA:1,1
DA:2,1
DA:4,1
DA:5,1
DA:14,1
DA:16,10
DA:19,10
DA:24,0
DA:25,0
DA:31,0
DA:32,0
DA:35,0
DA:37,0
DA:45,0
DA:47,0
DA:48,0
DA:54,0
DA:55,0
DA:61,0
DA:63,0
DA:64,0
DA:69,0
DA:70,0
DA:78,0
DA:80,0
DA:81,0
DA:88,0
DA:91,0
DA:96,0
DA:97,0
DA:100,0
DA:105,0
DA:115,0
DA:117,0
DA:118,0
DA:119,0
DA:124,0
DA:125,0
DA:130,0
DA:132,0
DA:133,0
DA:140,0
DA:141,0
DA:149,0
DA:151,0
DA:152,0
DA:157,0
DA:159,0
DA:164,0
DA:165,0
DA:169,0
DA:177,0
DA:179,0
DA:180,0
DA:185,0
DA:187,0
DA:192,0
DA:193,0
DA:197,0
DA:205,0
DA:207,0
DA:208,0
DA:215,0
DA:216,0
DA:218,0
DA:223,0
DA:224,0
DA:227,0
DA:228,0
DA:229,0
DA:231,0
DA:241,0
DA:244,0
DA:245,0
DA:247,0
DA:248,0
DA:249,0
DA:256,0
DA:257,0
DA:265,0
DA:267,0
DA:268,0
DA:275,0
DA:276,0
DA:277,0
DA:282,0
DA:292,0
DA:294,0
DA:296,0
DA:297,0
DA:305,0
DA:306,0
DA:311,0
DA:313,0
DA:314,0
DA:322,0
DA:327,0
DA:333,0
DA:339,0
DA:340,0
DA:342,0
DA:348,0
DA:349,0
DA:353,0
DA:357,0
LF:105
LH:7
BRDA:31,0,0,0
BRDA:31,1,0,0
BRDA:31,1,1,0
BRDA:96,2,0,0
BRDA:164,3,0,0
BRDA:164,4,0,0
BRDA:164,4,1,0
BRDA:192,5,0,0
BRDA:192,6,0,0
BRDA:192,6,1,0
BRDA:223,7,0,0
BRDA:223,8,0,0
BRDA:223,8,1,0
BRDA:228,9,0,0
BRDA:311,10,0,0
BRDA:311,10,1,0
BRDA:339,11,0,0
BRF:17
BRH:0
end_of_record
TN:
SF:src\xueshen\db\user\db_user.service.ts
FN:9,(anonymous_2)
FN:11,(anonymous_3)
FN:27,(anonymous_4)
FN:40,(anonymous_5)
FN:52,(anonymous_6)
FN:61,(anonymous_7)
FN:74,(anonymous_8)
FN:82,(anonymous_9)
FN:90,(anonymous_10)
FN:100,(anonymous_11)
FN:111,(anonymous_12)
FN:116,(anonymous_13)
FN:125,(anonymous_14)
FN:136,(anonymous_15)
FN:140,(anonymous_16)
FN:150,(anonymous_17)
FN:158,(anonymous_18)
FN:166,(anonymous_19)
FN:167,(anonymous_20)
FNF:19
FNH:3
FNDA:20,(anonymous_2)
FNDA:0,(anonymous_3)
FNDA:0,(anonymous_4)
FNDA:0,(anonymous_5)
FNDA:0,(anonymous_6)
FNDA:0,(anonymous_7)
FNDA:0,(anonymous_8)
FNDA:1,(anonymous_9)
FNDA:0,(anonymous_10)
FNDA:0,(anonymous_11)
FNDA:0,(anonymous_12)
FNDA:0,(anonymous_13)
FNDA:0,(anonymous_14)
FNDA:0,(anonymous_15)
FNDA:0,(anonymous_16)
FNDA:3,(anonymous_17)
FNDA:0,(anonymous_18)
FNDA:0,(anonymous_19)
FNDA:0,(anonymous_20)
DA:1,1
DA:2,1
DA:8,1
DA:9,20
DA:12,0
DA:21,0
DA:28,0
DA:29,0
DA:35,0
DA:37,0
DA:41,0
DA:49,0
DA:53,0
DA:58,0
DA:62,0
DA:70,0
DA:75,0
DA:83,1
DA:91,0
DA:92,0
DA:93,0
DA:95,0
DA:101,0
DA:108,0
DA:109,0
DA:111,0
DA:117,0
DA:118,0
DA:119,0
DA:121,0
DA:126,0
DA:133,0
DA:134,0
DA:136,0
DA:141,0
DA:142,0
DA:143,0
DA:145,0
DA:151,3
DA:159,0
DA:167,0
DA:168,0
DA:171,0
DA:178,0
DA:184,0
DA:186,0
DA:190,0
LF:47
LH:6
BRDA:28,0,0,0
BRDA:28,1,0,0
BRDA:28,1,1,0
BRDA:92,2,0,0
BRDA:108,3,0,0
BRDA:108,3,1,0
BRDA:118,4,0,0
BRDA:133,5,0,0
BRDA:133,5,1,0
BRDA:141,6,0,0
BRDA:141,6,1,0
BRDA:142,7,0,0
BRDA:142,7,1,0
BRF:13
BRH:0
end_of_record
TN:
SF:src\xueshen\dto\NullableDto.ts
FN:2,(anonymous_0)
FNF:1
FNH:0
FNDA:0,(anonymous_0)
DA:1,1
DA:3,0
DA:4,0
DA:5,0
DA:8,0
LF:5
LH:1
BRDA:4,0,0,0
BRF:1
BRH:0
end_of_record
TN:
SF:src\xueshen\dto\basicQueryDto.ts
FN:3,(anonymous_2)
FNF:1
FNH:0
FNDA:0,(anonymous_2)
DA:1,1
DA:3,1
DA:8,1
DA:10,0
LF:4
LH:3
BRF:0
BRH:0
end_of_record
TN:
SF:src\xueshen\dto\createPostDto.ts
FN:26,(anonymous_2)
FNF:1
FNH:0
FNDA:0,(anonymous_2)
DA:1,1
DA:3,1
DA:6,1
DA:9,1
DA:12,1
DA:15,1
DA:20,1
DA:23,1
DA:28,0
DA:30,0
DA:31,0
DA:32,0
DA:33,0
DA:34,0
LF:14
LH:8
BRDA:34,0,0,0
BRDA:34,0,1,0
BRF:2
BRH:0
end_of_record
TN:
SF:src\xueshen\dto\createReplyDto.ts
FN:13,(anonymous_2)
FNF:1
FNH:0
FNDA:0,(anonymous_2)
DA:1,1
DA:2,1
DA:6,1
DA:10,1
DA:15,0
DA:17,0
LF:6
LH:4
BRF:0
BRH:0
end_of_record
TN:
SF:src\xueshen\dto\createUserDto.ts
FN:26,(anonymous_2)
FNF:1
FNH:0
FNDA:0,(anonymous_2)
DA:1,1
DA:3,1
DA:5,1
DA:8,1
DA:12,1
DA:16,1
DA:20,1
DA:24,1
DA:27,0
DA:28,0
DA:29,0
DA:30,0
DA:31,0
LF:13
LH:8
BRDA:26,0,0,0
BRF:1
BRH:0
end_of_record
TN:
SF:src\xueshen\dto\loginDto.ts
FNF:0
FNH:0
DA:1,1
DA:4,1
DA:8,1
DA:15,1
DA:18,1
LF:5
LH:5
BRF:0
BRH:0
end_of_record
TN:
SF:src\xueshen\dto\updateProfileDto.ts
FN:49,(anonymous_2)
FNF:1
FNH:0
FNDA:0,(anonymous_2)
DA:1,1
DA:2,1
DA:3,1
DA:23,1
DA:27,1
DA:30,1
DA:34,1
DA:37,1
DA:40,1
DA:47,1
DA:50,0
DA:51,0
DA:52,0
DA:53,0
DA:54,0
DA:55,0
LF:16
LH:10
BRF:0
BRH:0
end_of_record
TN:
SF:src\xueshen\posts\posts.controller.ts
FN:12,(anonymous_2)
FN:17,(anonymous_3)
FN:22,(anonymous_4)
FN:27,(anonymous_5)
FN:32,(anonymous_6)
FN:37,(anonymous_7)
FN:52,(anonymous_8)
FN:57,(anonymous_9)
FNF:8
FNH:1
FNDA:5,(anonymous_2)
FNDA:0,(anonymous_3)
FNDA:0,(anonymous_4)
FNDA:0,(anonymous_5)
FNDA:0,(anonymous_6)
FNDA:0,(anonymous_7)
FNDA:0,(anonymous_8)
FNDA:0,(anonymous_9)
DA:1,1
DA:2,1
DA:3,1
DA:6,1
DA:7,1
DA:11,1
DA:12,5
DA:17,1
DA:18,0
DA:22,1
DA:23,0
DA:27,1
DA:28,0
DA:32,1
DA:33,0
DA:37,1
DA:38,0
DA:52,1
DA:53,0
DA:57,1
DA:58,0
LF:21
LH:14
BRF:0
BRH:0
end_of_record
TN:
SF:src\xueshen\posts\posts.module.ts
FNF:0
FNH:0
DA:1,1
DA:2,1
DA:3,1
DA:5,1
DA:6,1
DA:7,1
DA:14,1
LF:7
LH:7
BRF:0
BRH:0
end_of_record
TN:
SF:src\xueshen\posts\posts.service.ts
FN:10,(anonymous_2)
FN:12,(anonymous_3)
FN:18,(anonymous_4)
FN:21,(anonymous_5)
FN:25,(anonymous_6)
FN:29,(anonymous_7)
FN:41,(anonymous_8)
FN:45,(anonymous_9)
FN:49,(anonymous_10)
FN:53,(anonymous_11)
FN:57,(anonymous_12)
FN:61,(anonymous_13)
FNF:12
FNH:1
FNDA:5,(anonymous_2)
FNDA:0,(anonymous_3)
FNDA:0,(anonymous_4)
FNDA:0,(anonymous_5)
FNDA:0,(anonymous_6)
FNDA:0,(anonymous_7)
FNDA:0,(anonymous_8)
FNDA:0,(anonymous_9)
FNDA:0,(anonymous_10)
FNDA:0,(anonymous_11)
FNDA:0,(anonymous_12)
FNDA:0,(anonymous_13)
DA:1,1
DA:5,1
DA:8,1
DA:10,5
DA:13,0
DA:19,0
DA:22,0
DA:26,0
DA:30,0
DA:42,0
DA:46,0
DA:50,0
DA:54,0
DA:58,0
DA:62,0
LF:15
LH:4
BRF:0
BRH:0
end_of_record
